{"code":"ER_ACCESS_DENIED_ERROR","errno":1045,"level":"error","message":"Database connection failed Access denied for user 'root'@'localhost' (using password: NO)","sqlMessage":"Access denied for user 'root'@'localhost' (using password: NO)","sqlState":"28000","stack":"Error: Access denied for user 'root'@'localhost' (using password: NO)\n    at Packet.asError (D:\\shipmnt_assessment\\backend\\node_modules\\mysql2\\lib\\packets\\packet.js:740:17)\n    at ClientHandshake.execute (D:\\shipmnt_assessment\\backend\\node_modules\\mysql2\\lib\\commands\\command.js:29:26)\n    at PoolConnection.handlePacket (D:\\shipmnt_assessment\\backend\\node_modules\\mysql2\\lib\\base\\connection.js:475:34)\n    at PacketParser.onPacket (D:\\shipmnt_assessment\\backend\\node_modules\\mysql2\\lib\\base\\connection.js:93:12)\n    at PacketParser.executeStart (D:\\shipmnt_assessment\\backend\\node_modules\\mysql2\\lib\\packet_parser.js:75:16)\n    at Socket.<anonymous> (D:\\shipmnt_assessment\\backend\\node_modules\\mysql2\\lib\\base\\connection.js:100:25)\n    at Socket.emit (node:events:519:28)\n    at addChunk (node:internal/streams/readable:559:12)\n    at readableAddChunkPushByteMode (node:internal/streams/readable:510:3)\n    at Readable.push (node:internal/streams/readable:390:5)","timestamp":"2025-08-06T08:32:15.304Z"}
{"code":"ER_ACCESS_DENIED_ERROR","errno":1045,"level":"error","message":"Failed to connect to database Access denied for user 'root'@'localhost' (using password: NO)","sqlMessage":"Access denied for user 'root'@'localhost' (using password: NO)","sqlState":"28000","stack":"Error: Access denied for user 'root'@'localhost' (using password: NO)\n    at Packet.asError (D:\\shipmnt_assessment\\backend\\node_modules\\mysql2\\lib\\packets\\packet.js:740:17)\n    at ClientHandshake.execute (D:\\shipmnt_assessment\\backend\\node_modules\\mysql2\\lib\\commands\\command.js:29:26)\n    at PoolConnection.handlePacket (D:\\shipmnt_assessment\\backend\\node_modules\\mysql2\\lib\\base\\connection.js:475:34)\n    at PacketParser.onPacket (D:\\shipmnt_assessment\\backend\\node_modules\\mysql2\\lib\\base\\connection.js:93:12)\n    at PacketParser.executeStart (D:\\shipmnt_assessment\\backend\\node_modules\\mysql2\\lib\\packet_parser.js:75:16)\n    at Socket.<anonymous> (D:\\shipmnt_assessment\\backend\\node_modules\\mysql2\\lib\\base\\connection.js:100:25)\n    at Socket.emit (node:events:519:28)\n    at addChunk (node:internal/streams/readable:559:12)\n    at readableAddChunkPushByteMode (node:internal/streams/readable:510:3)\n    at Readable.push (node:internal/streams/readable:390:5)","timestamp":"2025-08-06T08:32:15.312Z"}
{"level":"info","message":"Database connection successful","timestamp":"2025-08-06T08:33:00.664Z"}
{"level":"info","message":"Connected to MySQL database","timestamp":"2025-08-06T08:33:00.675Z"}
{"level":"info","message":"Server running on port 3000","timestamp":"2025-08-06T08:33:00.684Z"}
{"level":"info","message":"Database connection successful","timestamp":"2025-08-06T08:33:23.420Z"}
{"level":"info","message":"Connected to MySQL database","timestamp":"2025-08-06T08:33:23.432Z"}
{"level":"info","message":"Server running on port 3000","timestamp":"2025-08-06T08:33:23.441Z"}
{"level":"info","message":"Database connection successful","timestamp":"2025-08-06T08:41:33.670Z"}
{"level":"info","message":"Connected to MySQL database","timestamp":"2025-08-06T08:41:33.673Z"}
{"level":"info","message":"Server running on port 3000","timestamp":"2025-08-06T08:41:33.678Z"}
{"code":"ECONNREFUSED","fatal":true,"level":"error","message":"Database connection failed","stack":"AggregateError [ECONNREFUSED]: \n    at internalConnectMultiple (node:net:1118:18)\n    at afterConnectMultiple (node:net:1685:7)","timestamp":"2025-08-06T08:41:45.099Z"}
{"code":"ECONNREFUSED","fatal":true,"level":"error","message":"Failed to connect to database","stack":"AggregateError [ECONNREFUSED]: \n    at internalConnectMultiple (node:net:1118:18)\n    at afterConnectMultiple (node:net:1685:7)","timestamp":"2025-08-06T08:41:45.103Z"}
{"level":"info","message":"Database connection successful","timestamp":"2025-08-06T08:41:53.136Z"}
{"level":"info","message":"Connected to MySQL database","timestamp":"2025-08-06T08:41:53.140Z"}
{"level":"info","message":"Server running on port 3000","timestamp":"2025-08-06T08:41:53.144Z"}
{"level":"info","message":"Database connection successful","timestamp":"2025-08-06T08:45:14.716Z"}
{"level":"info","message":"Connected to MySQL database","timestamp":"2025-08-06T08:45:14.719Z"}
{"level":"info","message":"Server running on port 3000","timestamp":"2025-08-06T08:45:14.723Z"}
{"level":"info","message":"Database connection successful","timestamp":"2025-08-06T08:55:37.648Z"}
{"level":"info","message":"Connected to MySQL database","timestamp":"2025-08-06T08:55:37.651Z"}
{"level":"info","message":"Server running on port 3000","timestamp":"2025-08-06T08:55:37.654Z"}
{"level":"info","message":"Database connection successful","timestamp":"2025-08-07T01:46:21.558Z"}
{"level":"info","message":"Connected to MySQL database","timestamp":"2025-08-07T01:46:21.567Z"}
{"level":"info","message":"Server running on port 3000","timestamp":"2025-08-07T01:46:21.579Z"}
{"level":"info","message":"Database connection successful","timestamp":"2025-08-07T01:46:36.843Z"}
{"level":"info","message":"Connected to MySQL database","timestamp":"2025-08-07T01:46:36.847Z"}
{"level":"info","message":"Server running on port 3000","timestamp":"2025-08-07T01:46:36.853Z"}
{"level":"info","message":"MongoDB Atlas connection successful","timestamp":"2025-08-07T09:03:39.174Z"}
{"level":"info","message":"Connected to MongoDB Atlas","timestamp":"2025-08-07T09:03:39.183Z"}
{"level":"info","message":"Server running on port 3000","timestamp":"2025-08-07T09:03:39.199Z"}
{"level":"info","message":"MongoDB Atlas connection successful","timestamp":"2025-08-07T09:15:05.174Z"}
{"level":"info","message":"Connected to MongoDB Atlas","timestamp":"2025-08-07T09:15:05.179Z"}
{"level":"info","message":"Server running on port 3000","timestamp":"2025-08-07T09:15:05.185Z"}
{"level":"info","message":"MongoDB Atlas connection successful","timestamp":"2025-08-07T09:42:00.753Z"}
{"level":"info","message":"Connected to MongoDB Atlas","timestamp":"2025-08-07T09:42:00.781Z"}
{"level":"info","message":"Server running on port 3000","timestamp":"2025-08-07T09:42:00.799Z"}
{"level":"info","message":"MongoDB Atlas connection successful","timestamp":"2025-08-07T10:06:56.985Z"}
{"level":"info","message":"Connected to MongoDB Atlas","timestamp":"2025-08-07T10:06:56.990Z"}
{"level":"info","message":"Server running on port 3000","timestamp":"2025-08-07T10:06:56.997Z"}
{"level":"error","message":"TypeError: Store.save is not a function\n    at addStore (D:\\shipmnt_assessment\\backend\\controllers\\storeController.js:15:17)\n    at process.processTicksAndRejections (node:internal/process/task_queues:95:5)","timestamp":"2025-08-07T10:08:52.309Z"}
{"level":"info","message":"MongoDB Atlas connection successful","timestamp":"2025-08-07T10:09:59.635Z"}
{"level":"info","message":"Connected to MongoDB Atlas","timestamp":"2025-08-07T10:09:59.641Z"}
{"level":"info","message":"Server running on port 3000","timestamp":"2025-08-07T10:09:59.648Z"}
{"level":"error","message":"TypeError: json.status is not a function\n    at addStore (D:\\shipmnt_assessment\\backend\\controllers\\storeController.js:16:17)\n    at process.processTicksAndRejections (node:internal/process/task_queues:95:5)","timestamp":"2025-08-07T10:10:04.053Z"}
{"level":"info","message":"MongoDB Atlas connection successful","timestamp":"2025-08-07T10:12:09.968Z"}
{"level":"info","message":"Connected to MongoDB Atlas","timestamp":"2025-08-07T10:12:09.979Z"}
{"level":"info","message":"Server running on port 3000","timestamp":"2025-08-07T10:12:09.993Z"}
{"level":"error","message":"CastError: Cast to string failed for value \"{ store_location: ':Delhi' }\" (type Object) at path \"store_location\" for model \"Store\"\n    at SchemaString.cast (D:\\shipmnt_assessment\\backend\\node_modules\\mongoose\\lib\\schema\\string.js:607:11)\n    at SchemaType.applySetters (D:\\shipmnt_assessment\\backend\\node_modules\\mongoose\\lib\\schemaType.js:1258:12)\n    at SchemaString.castForQuery (D:\\shipmnt_assessment\\backend\\node_modules\\mongoose\\lib\\schema\\string.js:699:17)\n    at cast (D:\\shipmnt_assessment\\backend\\node_modules\\mongoose\\lib\\cast.js:319:34)\n    at Query.cast (D:\\shipmnt_assessment\\backend\\node_modules\\mongoose\\lib\\query.js:5055:12)\n    at Query._castConditions (D:\\shipmnt_assessment\\backend\\node_modules\\mongoose\\lib\\query.js:2351:10)\n    at model.Query._findOneAndUpdate (D:\\shipmnt_assessment\\backend\\node_modules\\mongoose\\lib\\query.js:3454:8)\n    at model.Query.exec (D:\\shipmnt_assessment\\backend\\node_modules\\mongoose\\lib\\query.js:4604:80)\n    at process.processTicksAndRejections (node:internal/process/task_queues:95:5)\n    at async updateStore (D:\\shipmnt_assessment\\backend\\controllers\\storeController.js:22:5)","timestamp":"2025-08-07T10:13:44.705Z"}
{"level":"info","message":"MongoDB Atlas connection successful","timestamp":"2025-08-07T10:15:33.531Z"}
{"level":"info","message":"Connected to MongoDB Atlas","timestamp":"2025-08-07T10:15:33.536Z"}
{"level":"info","message":"Server running on port 3000","timestamp":"2025-08-07T10:15:33.546Z"}
{"level":"error","message":"CastError: Cast to string failed for value \"{ store_location: ':Delhi' }\" (type Object) at path \"store_location\" for model \"Store\"\n    at SchemaString.cast (D:\\shipmnt_assessment\\backend\\node_modules\\mongoose\\lib\\schema\\string.js:607:11)\n    at SchemaType.applySetters (D:\\shipmnt_assessment\\backend\\node_modules\\mongoose\\lib\\schemaType.js:1258:12)\n    at SchemaString.castForQuery (D:\\shipmnt_assessment\\backend\\node_modules\\mongoose\\lib\\schema\\string.js:699:17)\n    at cast (D:\\shipmnt_assessment\\backend\\node_modules\\mongoose\\lib\\cast.js:319:34)\n    at Query.cast (D:\\shipmnt_assessment\\backend\\node_modules\\mongoose\\lib\\query.js:5055:12)\n    at Query._castConditions (D:\\shipmnt_assessment\\backend\\node_modules\\mongoose\\lib\\query.js:2351:10)\n    at model.Query._findOneAndUpdate (D:\\shipmnt_assessment\\backend\\node_modules\\mongoose\\lib\\query.js:3454:8)\n    at model.Query.exec (D:\\shipmnt_assessment\\backend\\node_modules\\mongoose\\lib\\query.js:4604:80)\n    at process.processTicksAndRejections (node:internal/process/task_queues:95:5)\n    at async updateStore (D:\\shipmnt_assessment\\backend\\controllers\\storeController.js:22:5)","timestamp":"2025-08-07T10:15:37.229Z"}
{"level":"info","message":"MongoDB Atlas connection successful","timestamp":"2025-08-07T10:16:47.220Z"}
{"level":"info","message":"Connected to MongoDB Atlas","timestamp":"2025-08-07T10:16:47.226Z"}
{"level":"info","message":"Server running on port 3000","timestamp":"2025-08-07T10:16:47.238Z"}
{"level":"error","message":"CastError: Cast to string failed for value \"{ store_location: ':Delhi' }\" (type Object) at path \"store_location\" for model \"Store\"\n    at SchemaString.cast (D:\\shipmnt_assessment\\backend\\node_modules\\mongoose\\lib\\schema\\string.js:607:11)\n    at SchemaType.applySetters (D:\\shipmnt_assessment\\backend\\node_modules\\mongoose\\lib\\schemaType.js:1258:12)\n    at SchemaString.castForQuery (D:\\shipmnt_assessment\\backend\\node_modules\\mongoose\\lib\\schema\\string.js:699:17)\n    at cast (D:\\shipmnt_assessment\\backend\\node_modules\\mongoose\\lib\\cast.js:319:34)\n    at Query.cast (D:\\shipmnt_assessment\\backend\\node_modules\\mongoose\\lib\\query.js:5055:12)\n    at Query._castConditions (D:\\shipmnt_assessment\\backend\\node_modules\\mongoose\\lib\\query.js:2351:10)\n    at model.Query._findOneAndUpdate (D:\\shipmnt_assessment\\backend\\node_modules\\mongoose\\lib\\query.js:3454:8)\n    at model.Query.exec (D:\\shipmnt_assessment\\backend\\node_modules\\mongoose\\lib\\query.js:4604:80)\n    at process.processTicksAndRejections (node:internal/process/task_queues:95:5)\n    at async updateStore (D:\\shipmnt_assessment\\backend\\controllers\\storeController.js:22:5)","timestamp":"2025-08-07T10:16:50.761Z"}
{"level":"error","message":"CastError: Cast to string failed for value \"{ store_location: 'Delhi' }\" (type Object) at path \"store_location\" for model \"Store\"\n    at SchemaString.cast (D:\\shipmnt_assessment\\backend\\node_modules\\mongoose\\lib\\schema\\string.js:607:11)\n    at SchemaType.applySetters (D:\\shipmnt_assessment\\backend\\node_modules\\mongoose\\lib\\schemaType.js:1258:12)\n    at SchemaString.castForQuery (D:\\shipmnt_assessment\\backend\\node_modules\\mongoose\\lib\\schema\\string.js:699:17)\n    at cast (D:\\shipmnt_assessment\\backend\\node_modules\\mongoose\\lib\\cast.js:319:34)\n    at Query.cast (D:\\shipmnt_assessment\\backend\\node_modules\\mongoose\\lib\\query.js:5055:12)\n    at Query._castConditions (D:\\shipmnt_assessment\\backend\\node_modules\\mongoose\\lib\\query.js:2351:10)\n    at model.Query._findOneAndUpdate (D:\\shipmnt_assessment\\backend\\node_modules\\mongoose\\lib\\query.js:3454:8)\n    at model.Query.exec (D:\\shipmnt_assessment\\backend\\node_modules\\mongoose\\lib\\query.js:4604:80)\n    at process.processTicksAndRejections (node:internal/process/task_queues:95:5)\n    at async updateStore (D:\\shipmnt_assessment\\backend\\controllers\\storeController.js:22:5)","timestamp":"2025-08-07T10:17:10.042Z"}
{"level":"info","message":"MongoDB Atlas connection successful","timestamp":"2025-08-07T10:17:26.999Z"}
{"level":"info","message":"Connected to MongoDB Atlas","timestamp":"2025-08-07T10:17:27.004Z"}
{"level":"info","message":"Server running on port 3000","timestamp":"2025-08-07T10:17:27.011Z"}
{"level":"error","message":"CastError: Cast to string failed for value \"{ store_location: 'Delhi' }\" (type Object) at path \"store_location\" for model \"Store\"\n    at SchemaString.cast (D:\\shipmnt_assessment\\backend\\node_modules\\mongoose\\lib\\schema\\string.js:607:11)\n    at SchemaType.applySetters (D:\\shipmnt_assessment\\backend\\node_modules\\mongoose\\lib\\schemaType.js:1258:12)\n    at SchemaString.castForQuery (D:\\shipmnt_assessment\\backend\\node_modules\\mongoose\\lib\\schema\\string.js:699:17)\n    at cast (D:\\shipmnt_assessment\\backend\\node_modules\\mongoose\\lib\\cast.js:319:34)\n    at Query.cast (D:\\shipmnt_assessment\\backend\\node_modules\\mongoose\\lib\\query.js:5055:12)\n    at Query._castConditions (D:\\shipmnt_assessment\\backend\\node_modules\\mongoose\\lib\\query.js:2351:10)\n    at model.Query._findOneAndUpdate (D:\\shipmnt_assessment\\backend\\node_modules\\mongoose\\lib\\query.js:3454:8)\n    at model.Query.exec (D:\\shipmnt_assessment\\backend\\node_modules\\mongoose\\lib\\query.js:4604:80)\n    at process.processTicksAndRejections (node:internal/process/task_queues:95:5)\n    at async updateStore (D:\\shipmnt_assessment\\backend\\controllers\\storeController.js:22:5)","timestamp":"2025-08-07T10:17:32.822Z"}
{"level":"info","message":"MongoDB Atlas connection successful","timestamp":"2025-08-07T10:17:40.928Z"}
{"level":"info","message":"Connected to MongoDB Atlas","timestamp":"2025-08-07T10:17:40.934Z"}
{"level":"info","message":"Server running on port 3000","timestamp":"2025-08-07T10:17:40.941Z"}
{"level":"error","message":"CastError: Cast to string failed for value \"{ store_location: 'Delhi' }\" (type Object) at path \"store_location\" for model \"Store\"\n    at SchemaString.cast (D:\\shipmnt_assessment\\backend\\node_modules\\mongoose\\lib\\schema\\string.js:607:11)\n    at SchemaType.applySetters (D:\\shipmnt_assessment\\backend\\node_modules\\mongoose\\lib\\schemaType.js:1258:12)\n    at SchemaString.castForQuery (D:\\shipmnt_assessment\\backend\\node_modules\\mongoose\\lib\\schema\\string.js:699:17)\n    at cast (D:\\shipmnt_assessment\\backend\\node_modules\\mongoose\\lib\\cast.js:319:34)\n    at Query.cast (D:\\shipmnt_assessment\\backend\\node_modules\\mongoose\\lib\\query.js:5055:12)\n    at Query._castConditions (D:\\shipmnt_assessment\\backend\\node_modules\\mongoose\\lib\\query.js:2351:10)\n    at model.Query._findOneAndUpdate (D:\\shipmnt_assessment\\backend\\node_modules\\mongoose\\lib\\query.js:3454:8)\n    at model.Query.exec (D:\\shipmnt_assessment\\backend\\node_modules\\mongoose\\lib\\query.js:4604:80)\n    at process.processTicksAndRejections (node:internal/process/task_queues:95:5)\n    at async updateStore (D:\\shipmnt_assessment\\backend\\controllers\\storeController.js:22:5)","timestamp":"2025-08-07T10:17:45.759Z"}
{"level":"info","message":"MongoDB Atlas connection successful","timestamp":"2025-08-07T10:19:19.662Z"}
{"level":"info","message":"Connected to MongoDB Atlas","timestamp":"2025-08-07T10:19:19.667Z"}
{"level":"info","message":"Server running on port 3000","timestamp":"2025-08-07T10:19:19.672Z"}
{"level":"error","message":"CastError: Cast to string failed for value \"{ store_location: 'Delhi' }\" (type Object) at path \"store_location\" for model \"Store\"\n    at SchemaString.cast (D:\\shipmnt_assessment\\backend\\node_modules\\mongoose\\lib\\schema\\string.js:607:11)\n    at SchemaType.applySetters (D:\\shipmnt_assessment\\backend\\node_modules\\mongoose\\lib\\schemaType.js:1258:12)\n    at SchemaString.castForQuery (D:\\shipmnt_assessment\\backend\\node_modules\\mongoose\\lib\\schema\\string.js:699:17)\n    at cast (D:\\shipmnt_assessment\\backend\\node_modules\\mongoose\\lib\\cast.js:319:34)\n    at Query.cast (D:\\shipmnt_assessment\\backend\\node_modules\\mongoose\\lib\\query.js:5055:12)\n    at Query._castConditions (D:\\shipmnt_assessment\\backend\\node_modules\\mongoose\\lib\\query.js:2351:10)\n    at model.Query._findOneAndUpdate (D:\\shipmnt_assessment\\backend\\node_modules\\mongoose\\lib\\query.js:3454:8)\n    at model.Query.exec (D:\\shipmnt_assessment\\backend\\node_modules\\mongoose\\lib\\query.js:4604:80)\n    at process.processTicksAndRejections (node:internal/process/task_queues:95:5)\n    at async updateStore (D:\\shipmnt_assessment\\backend\\controllers\\storeController.js:22:5)","timestamp":"2025-08-07T10:19:24.643Z"}
{"level":"info","message":"MongoDB Atlas connection successful","timestamp":"2025-08-07T10:23:33.494Z"}
{"level":"info","message":"Connected to MongoDB Atlas","timestamp":"2025-08-07T10:23:33.499Z"}
{"level":"info","message":"Server running on port 3000","timestamp":"2025-08-07T10:23:33.517Z"}
{"level":"error","message":"CastError: Cast to string failed for value \"{ store_location: 'Delhi' }\" (type Object) at path \"store_location\" for model \"Store\"\n    at SchemaString.cast (D:\\shipmnt_assessment\\backend\\node_modules\\mongoose\\lib\\schema\\string.js:607:11)\n    at SchemaType.applySetters (D:\\shipmnt_assessment\\backend\\node_modules\\mongoose\\lib\\schemaType.js:1258:12)\n    at SchemaString.castForQuery (D:\\shipmnt_assessment\\backend\\node_modules\\mongoose\\lib\\schema\\string.js:699:17)\n    at cast (D:\\shipmnt_assessment\\backend\\node_modules\\mongoose\\lib\\cast.js:319:34)\n    at Query.cast (D:\\shipmnt_assessment\\backend\\node_modules\\mongoose\\lib\\query.js:5055:12)\n    at Query._castConditions (D:\\shipmnt_assessment\\backend\\node_modules\\mongoose\\lib\\query.js:2351:10)\n    at model.Query._findOneAndUpdate (D:\\shipmnt_assessment\\backend\\node_modules\\mongoose\\lib\\query.js:3454:8)\n    at model.Query.exec (D:\\shipmnt_assessment\\backend\\node_modules\\mongoose\\lib\\query.js:4604:80)\n    at process.processTicksAndRejections (node:internal/process/task_queues:95:5)\n    at async updateStore (D:\\shipmnt_assessment\\backend\\controllers\\storeController.js:23:5)","timestamp":"2025-08-07T10:23:37.445Z"}
{"level":"info","message":"MongoDB Atlas connection successful","timestamp":"2025-08-07T10:24:16.509Z"}
{"level":"info","message":"Connected to MongoDB Atlas","timestamp":"2025-08-07T10:24:16.514Z"}
{"level":"info","message":"Server running on port 3000","timestamp":"2025-08-07T10:24:16.518Z"}
{"level":"error","message":"TypeError: Plan.save is not a function\n    at addPlan (D:\\shipmnt_assessment\\backend\\controllers\\storeController.js:30:29)\n    at Layer.handleRequest (D:\\shipmnt_assessment\\backend\\node_modules\\router\\lib\\layer.js:152:17)\n    at next (D:\\shipmnt_assessment\\backend\\node_modules\\router\\lib\\route.js:157:13)\n    at Route.dispatch (D:\\shipmnt_assessment\\backend\\node_modules\\router\\lib\\route.js:117:3)\n    at handle (D:\\shipmnt_assessment\\backend\\node_modules\\router\\index.js:435:11)\n    at Layer.handleRequest (D:\\shipmnt_assessment\\backend\\node_modules\\router\\lib\\layer.js:152:17)\n    at D:\\shipmnt_assessment\\backend\\node_modules\\router\\index.js:295:15\n    at processParams (D:\\shipmnt_assessment\\backend\\node_modules\\router\\index.js:582:12)\n    at next (D:\\shipmnt_assessment\\backend\\node_modules\\router\\index.js:291:5)\n    at Function.handle (D:\\shipmnt_assessment\\backend\\node_modules\\router\\index.js:186:3)","timestamp":"2025-08-07T10:25:32.220Z"}
{"level":"info","message":"MongoDB Atlas connection successful","timestamp":"2025-08-07T10:25:51.016Z"}
{"level":"info","message":"Connected to MongoDB Atlas","timestamp":"2025-08-07T10:25:51.029Z"}
{"level":"info","message":"Server running on port 3000","timestamp":"2025-08-07T10:25:51.037Z"}
{"level":"info","message":"MongoDB Atlas connection successful","timestamp":"2025-08-07T10:26:09.211Z"}
{"level":"info","message":"Connected to MongoDB Atlas","timestamp":"2025-08-07T10:26:09.216Z"}
{"level":"info","message":"Server running on port 3000","timestamp":"2025-08-07T10:26:09.221Z"}
{"level":"info","message":"MongoDB Atlas connection successful","timestamp":"2025-08-07T10:29:00.824Z"}
{"level":"info","message":"Connected to MongoDB Atlas","timestamp":"2025-08-07T10:29:00.830Z"}
{"level":"info","message":"Server running on port 3000","timestamp":"2025-08-07T10:29:00.837Z"}
{"level":"info","message":"MongoDB Atlas connection successful","timestamp":"2025-08-07T10:30:26.169Z"}
{"level":"info","message":"Connected to MongoDB Atlas","timestamp":"2025-08-07T10:30:26.178Z"}
{"level":"info","message":"Server running on port 3000","timestamp":"2025-08-07T10:30:26.187Z"}
{"level":"info","message":"MongoDB Atlas connection successful","timestamp":"2025-08-07T10:30:58.933Z"}
{"level":"info","message":"Connected to MongoDB Atlas","timestamp":"2025-08-07T10:30:58.938Z"}
{"level":"info","message":"Server running on port 3000","timestamp":"2025-08-07T10:30:58.944Z"}
{"level":"error","message":"TypeError: json.status is not a function\n    at addStore (D:\\shipmnt_assessment\\backend\\controllers\\storeController.js:13:21)\n    at process.processTicksAndRejections (node:internal/process/task_queues:95:5)","timestamp":"2025-08-07T10:31:03.066Z"}
{"level":"info","message":"MongoDB Atlas connection successful","timestamp":"2025-08-07T10:31:14.414Z"}
{"level":"info","message":"Connected to MongoDB Atlas","timestamp":"2025-08-07T10:31:14.421Z"}
{"level":"info","message":"Server running on port 3000","timestamp":"2025-08-07T10:31:14.445Z"}
